[debug] [2026-04-20T00:26:58.276Z] ----------------------------------------------------------------------
[debug] [2026-04-20T00:26:58.277Z] Command:       /home/uzma/.nvm/versions/node/v20.19.3/bin/node /home/uzma/.nvm/versions/node/v20.19.3/bin/firebase deploy
[debug] [2026-04-20T00:26:58.277Z] CLI Version:   15.0.0
[debug] [2026-04-20T00:26:58.277Z] Platform:      linux
[debug] [2026-04-20T00:26:58.278Z] Node Version:  v20.19.3
[debug] [2026-04-20T00:26:58.278Z] Time:          Mon Apr 20 2026 05:26:58 GMT+0500 (Pakistan Standard Time)
[debug] [2026-04-20T00:26:58.278Z] ----------------------------------------------------------------------
[debug] 
[debug] [2026-04-20T00:26:58.914Z] > command requires scopes: ["email","openid","https://www.googleapis.com/auth/cloudplatformprojects.readonly","https://www.googleapis.com/auth/firebase","https://www.googleapis.com/auth/cloud-platform"]
[debug] [2026-04-20T00:26:58.915Z] > authorizing via signed-in user (uuzzi0216@gmail.com)
[debug] [2026-04-20T00:26:58.915Z] [iam] checking project protfolio-frontend for permissions ["firebase.projects.get","firebasehosting.sites.update"]
[debug] [2026-04-20T00:26:58.916Z] Checked if tokens are valid: true, expires at: 1776648258360
[debug] [2026-04-20T00:26:58.916Z] Checked if tokens are valid: true, expires at: 1776648258360
[debug] [2026-04-20T00:26:58.916Z] >>> [apiv2][query] POST https://cloudresourcemanager.googleapis.com/v1/projects/protfolio-frontend:testIamPermissions [none]
[debug] [2026-04-20T00:26:58.917Z] >>> [apiv2][(partial)header] POST https://cloudresourcemanager.googleapis.com/v1/projects/protfolio-frontend:testIamPermissions x-goog-quota-user=projects/protfolio-frontend
[debug] [2026-04-20T00:26:58.917Z] >>> [apiv2][body] POST https://cloudresourcemanager.googleapis.com/v1/projects/protfolio-frontend:testIamPermissions {"permissions":["firebase.projects.get","firebasehosting.sites.update"]}
[debug] [2026-04-20T00:27:00.705Z] <<< [apiv2][status] POST https://cloudresourcemanager.googleapis.com/v1/projects/protfolio-frontend:testIamPermissions 200
[debug] [2026-04-20T00:27:00.705Z] <<< [apiv2][body] POST https://cloudresourcemanager.googleapis.com/v1/projects/protfolio-frontend:testIamPermissions {"permissions":["firebase.projects.get","firebasehosting.sites.update"]}
[debug] [2026-04-20T00:27:00.706Z] Checked if tokens are valid: true, expires at: 1776648258360
[debug] [2026-04-20T00:27:00.707Z] Checked if tokens are valid: true, expires at: 1776648258360
[debug] [2026-04-20T00:27:00.707Z] >>> [apiv2][query] GET https://firebase.googleapis.com/v1beta1/projects/protfolio-frontend [none]
